C51 COMPILER V9.60.7.0   FLASH                                                             02/21/2023 15:31:32 PAGE 1   


C51 COMPILER V9.60.7.0, COMPILATION OF MODULE FLASH
OBJECT MODULE PLACED IN .\Objects\flash.obj
COMPILER INVOKED BY: C:\soft\keil\C51\BIN\C51.EXE flash.c OPTIMIZE(8,SPEED) BROWSE DEBUG OBJECTEXTEND PRINT(.\Listings\f
                    -lash.lst) TABS(2) OBJECT(.\Objects\flash.obj)

line level    source

   1          #include <STC89.H>
   2          #include <intrins.h>
   3          #define uint unsigned int
   4          #define uchar unsigned char
   5          
   6          uchar temp;
   7          void delay(uint z){
   8   1        uint x,y;
   9   1        for(x=z;x>0;x--)
  10   1          for(y=114;y>0;y--);
  11   1      }
  12          
  13          void main(){
  14   1        temp=0xFE;
  15   1        P1=temp;
  16   1        delay(1000);
  17   1        while(1){
  18   2          temp=_crol_(temp,1); //循环左移
  19   2          P1=temp;
  20   2          delay(1000);
  21   2        }
  22   1      }


MODULE INFORMATION:   STATIC OVERLAYABLE
   CODE SIZE        =     67    ----
   CONSTANT SIZE    =   ----    ----
   XDATA SIZE       =   ----    ----
   PDATA SIZE       =   ----    ----
   DATA SIZE        =      1    ----
   IDATA SIZE       =   ----    ----
   BIT SIZE         =   ----    ----
END OF MODULE INFORMATION.


C51 COMPILATION COMPLETE.  0 WARNING(S),  0 ERROR(S)
