C51 COMPILER V9.60.7.0   FLASHLED                                                          02/21/2023 11:14:25 PAGE 1   


C51 COMPILER V9.60.7.0, COMPILATION OF MODULE FLASHLED
OBJECT MODULE PLACED IN .\Objects\flashLed.obj
COMPILER INVOKED BY: C:\soft\keil\C51\BIN\C51.EXE flashLed.c OPTIMIZE(8,SPEED) BROWSE DEBUG OBJECTEXTEND PRINT(.\Listing
                    -s\flashLed.lst) TABS(2) OBJECT(.\Objects\flashLed.obj)

line level    source

   1          #include <STC89.H>
   2          unsigned int i;
   3          void main()
   4          {
   5   1        P1=0; //p1 light
   6   1        i=65535; 
   7   1        while(i--);
   8   1        P1=0xff;//dark
   9   1        i=65535;
  10   1        while(i--);
  11   1      }


MODULE INFORMATION:   STATIC OVERLAYABLE
   CODE SIZE        =     45    ----
   CONSTANT SIZE    =   ----    ----
   XDATA SIZE       =   ----    ----
   PDATA SIZE       =   ----    ----
   DATA SIZE        =      2    ----
   IDATA SIZE       =   ----    ----
   BIT SIZE         =   ----    ----
END OF MODULE INFORMATION.


C51 COMPILATION COMPLETE.  0 WARNING(S),  0 ERROR(S)
