C51 COMPILER V9.60.7.0   DIG                                                               02/23/2023 16:04:14 PAGE 1   


C51 COMPILER V9.60.7.0, COMPILATION OF MODULE DIG
OBJECT MODULE PLACED IN .\Objects\dig.obj
COMPILER INVOKED BY: C:\soft\keil\C51\BIN\C51.EXE dig.c OPTIMIZE(8,SPEED) BROWSE DEBUG OBJECTEXTEND PRINT(.\Listings\dig
                    -.lst) TABS(2) OBJECT(.\Objects\dig.obj)

line level    source

   1          #include <STC89.H>
   2          sbit DIO=P3^4;
   3          sbit S_CLK=P3^5; //移位寄存器时钟
   4          sbit R_CLK=P3^6; //输出锁存器时钟
   5          void main(){
   6   1          unsigned int i;
   7   1          unsigned char dat;
   8   1          dat=0xfe; //11111110
   9   1          R_CLK=0;
  10   1          for(i=0;i<8;i++){
  11   2            S_CLK=0;
  12   2            
  13   2            if(dat&0x01){
  14   3              //按位与，和0x01与，得到值位0x01或者0x00,0x01为真,0x00为假
  15   3              DIO=1;
  16   3            }else{
  17   3              DIO=0;
  18   3            }
  19   2            dat>>=1;//右移，让DIO取最后一位,
  20   2            S_CLK=1;
  21   2          }
  22   1          dat=0x80;
  23   1          for(i=0;i<8;i++){
  24   2            S_CLK=0;
  25   2            if(dat&0x01){
  26   3              //按位与，和0x01与，得到值位0x01或者0x00,0x01为真,0x00为假
  27   3              DIO=1;
  28   3            }else{
  29   3              DIO=0;
  30   3            }
  31   2            dat>>=1;//右移，让DIO取最后一位,
  32   2            S_CLK=1;
  33   2          }
  34   1          R_CLK=1;
  35   1          while(1);
  36   1      }


MODULE INFORMATION:   STATIC OVERLAYABLE
   CODE SIZE        =     74    ----
   CONSTANT SIZE    =   ----    ----
   XDATA SIZE       =   ----    ----
   PDATA SIZE       =   ----    ----
   DATA SIZE        =   ----    ----
   IDATA SIZE       =   ----    ----
   BIT SIZE         =   ----    ----
END OF MODULE INFORMATION.


C51 COMPILATION COMPLETE.  0 WARNING(S),  0 ERROR(S)
