C51 COMPILER V9.60.7.0   DIG                                                               02/23/2023 12:53:25 PAGE 1   


C51 COMPILER V9.60.7.0, COMPILATION OF MODULE DIG
OBJECT MODULE PLACED IN .\Objects\dig.obj
COMPILER INVOKED BY: C:\soft\keil\C51\BIN\C51.EXE dig.c OPTIMIZE(8,SPEED) BROWSE DEBUG OBJECTEXTEND PRINT(.\Listings\dig
                    -.lst) TABS(2) OBJECT(.\Objects\dig.obj)

line level    source

   1          #include <STC89C5xRC.H>
   2          sbit DU=P2^6; //段选p26
   3          sbit WE=P2^7; //位选p27
   4          unsigned int keyValue=22;
   5          void Delay5ms()   //@11.0592MHz
   6          {
   7   1        unsigned char i, j;
   8   1      
   9   1        i = 9;
  10   1        j = 244;
  11   1        do
  12   1        {
  13   2          while (--j);
  14   2        } while (--i);
  15   1      }
  16          
  17          //数码管段选表
  18          unsigned char code leddata[]={ 
  19                          0x3F,  //"0"
  20                          0x06,  //"1"
  21                          0x5B,  //"2"
  22                          0x4F,  //"3"
  23                          0x66,  //"4"
  24                          0x6D,  //"5"
  25                          0x7D,  //"6"
  26                          0x07,  //"7"
  27                          0x7F,  //"8"
  28                          0x6F,  //"9"
  29                          0x77,  //"A"
  30                          0x7C,  //"B"
  31                          0x39,  //"C"
  32                          0x5E,  //"D"
  33                          0x79,  //"E"
  34                          0x71,  //"F"
  35                          0x76,  //"H"
  36                          0x38,  //"L"
  37                          0x37,  //"n"
  38                          0x3E,  //"u"
  39                          0x73,  //"P"
  40                          0x5C,  //"o"
  41                          0x40,  //"-"
  42                          0x00,  //熄灭
  43                          0x00  //自定义
  44           };
  45          void keyScan(){
  46   1        //矩阵键盘扫描
  47   1        P3=0xf0; //列扫描 1111 0000
  48   1        if(P3!=0xf0){
  49   2          Delay5ms();
  50   2          if(P3!=0xf0){
  51   3            switch(P3){
  52   4              case 0xe0:keyValue=1; //1110 0000
  53   4              break;
  54   4              case 0xd0:keyValue=2; //1101 0000
C51 COMPILER V9.60.7.0   DIG                                                               02/23/2023 12:53:25 PAGE 2   

  55   4              break;
  56   4              case 0xb0:keyValue=3; //1011 0000
  57   4              break;
  58   4              case 0x70:keyValue=4; //0111 0000
  59   4              break;
  60   4            }
  61   3            P3=0x0f; //行扫描 0000 1111
  62   3            switch(P3){
  63   4              case 0x0e:keyValue=keyValue; //0000 1110
  64   4              break;
  65   4            case 0x0d:keyValue=keyValue+4; //0000 1101
  66   4              break;
  67   4            case 0x0b:keyValue=keyValue+8; //0000 1011
  68   4              break;
  69   4            case 0x07:keyValue=keyValue+12; //0000 0111
  70   4              break;
  71   4            }
  72   3            while(P3!=0x0f);
  73   3          }
  74   2        }
  75   1        //独立按键扫描
  76   1        P3=0xff;
  77   1        if(P3!=0xff){
  78   2          Delay5ms();
  79   2          if(P3!=0xff){
  80   3            switch(P3){
  81   4              case 0xfe:keyValue=16; //1111 1110
  82   4              break;
  83   4              case 0xfd:keyValue=17; //1111 1101
  84   4              break;
  85   4              case 0xfb:keyValue=18; //1111 1011
  86   4              break;
  87   4              case 0xf7:keyValue=19; //1111 0111
  88   4              break;
  89   4            }
  90   3            while(P3!=0xff);
  91   3          }
  92   2        }
  93   1      }
  94          void main(){
  95   1          P0=0xFF; //清除断码
  96   1          WE=1; //位选开启
  97   1          P0=0xFE; //选择第一个数码管1111 1110 14
  98   1          WE=0; //位选关闭
  99   1        while(1){
 100   2          keyScan();
 101   2          DU=1; //段选开启
 102   2          P0=leddata[keyValue]; //显示数字
 103   2          DU=0; //段选锁存器关闭
 104   2          
 105   2        }
 106   1      }


MODULE INFORMATION:   STATIC OVERLAYABLE
   CODE SIZE        =    226    ----
   CONSTANT SIZE    =     25    ----
   XDATA SIZE       =   ----    ----
   PDATA SIZE       =   ----    ----
   DATA SIZE        =      2    ----
   IDATA SIZE       =   ----    ----
   BIT SIZE         =   ----    ----
C51 COMPILER V9.60.7.0   DIG                                                               02/23/2023 12:53:25 PAGE 3   

END OF MODULE INFORMATION.


C51 COMPILATION COMPLETE.  0 WARNING(S),  0 ERROR(S)
