C51 COMPILER V9.60.7.0   FLASHLED                                                          02/22/2023 12:58:20 PAGE 1   


C51 COMPILER V9.60.7.0, COMPILATION OF MODULE FLASHLED
OBJECT MODULE PLACED IN .\Objects\flashLed.obj
COMPILER INVOKED BY: C:\soft\keil\C51\BIN\C51.EXE flashLed.c OPTIMIZE(8,SPEED) BROWSE DEBUG OBJECTEXTEND PRINT(.\Listing
                    -s\flashLed.lst) TABS(2) OBJECT(.\Objects\flashLed.obj)

line level    source

   1          #include <STC89.H>
   2          #include <intrins.h>
   3          #define uint unsigned int
   4          #define uchar unsigned char
   5          void delay(uint z){
   6   1        uint x,y;
   7   1        for(x=z;x>0;x--)
   8   1          for(y=114;y>0;y--);
   9   1      }
  10          
  11          
  12          void main(){
  13   1        uchar temp=0x01;
  14   1        uchar xTemp;
  15   1        uint i=0;
  16   1        xTemp=~temp;
  17   1        P1=xTemp;
  18   1        delay(1000);
  19   1        while(1)
  20   1        {
  21   2          if(i<7)
  22   2          {
  23   3            i++;
  24   3            xTemp=temp<<i; //左移i位
  25   3            P1=~xTemp; //取反控制当前灯亮
  26   3            delay(1000);
  27   3          }else{
  28   3            i=0;
  29   3            temp=0x01;
  30   3            xTemp=temp;
  31   3            P1=~xTemp;
  32   3            delay(1000);
  33   3          }
  34   2        }
  35   1      }


MODULE INFORMATION:   STATIC OVERLAYABLE
   CODE SIZE        =     93    ----
   CONSTANT SIZE    =   ----    ----
   XDATA SIZE       =   ----    ----
   PDATA SIZE       =   ----    ----
   DATA SIZE        =   ----    ----
   IDATA SIZE       =   ----    ----
   BIT SIZE         =   ----    ----
END OF MODULE INFORMATION.


C51 COMPILATION COMPLETE.  0 WARNING(S),  0 ERROR(S)
