C51 COMPILER V9.60.7.0   DIG                                                               02/24/2023 17:26:59 PAGE 1   


C51 COMPILER V9.60.7.0, COMPILATION OF MODULE DIG
OBJECT MODULE PLACED IN .\Objects\dig.obj
COMPILER INVOKED BY: C:\soft\keil\C51\BIN\C51.EXE dig.c OPTIMIZE(8,SPEED) BROWSE DEBUG OBJECTEXTEND PRINT(.\Listings\dig
                    -.lst) TABS(2) OBJECT(.\Objects\dig.obj)

line level    source

   1          #include <STC89.H>
   2          sbit PO0=P0^0;
   3          sbit key_s2=P3^0;
   4          sbit flag=P3^7;
   5          void Delay20ms()    //@11.0592MHz
   6          {
   7   1        unsigned char i, j;
   8   1      
   9   1        i = 36;
  10   1        j = 217;
  11   1        do
  12   1        {
  13   2          while (--j);
  14   2        } while (--i);
  15   1      }
  16          
  17          
  18          void int1() interrupt 2{
  19   1        P1=~P1;
  20   1      }
  21          
  22           
  23          void main()
  24          {
  25   1        EA=1;
  26   1        EX1=1;
  27   1        IT1=1;
  28   1        while(1){
  29   2          if(key_s2==0){
  30   3            //按键按下
  31   3            Delay20ms();//按键按下去除波形抖动
  32   3            if(key_s2==0){
  33   4              flag=1;
  34   4              flag=0;
  35   4              while(!key_s2); //按键弹起
  36   4            }
  37   3          }
  38   2        }
  39   1      }


MODULE INFORMATION:   STATIC OVERLAYABLE
   CODE SIZE        =     37    ----
   CONSTANT SIZE    =   ----    ----
   XDATA SIZE       =   ----    ----
   PDATA SIZE       =   ----    ----
   DATA SIZE        =   ----    ----
   IDATA SIZE       =   ----    ----
   BIT SIZE         =   ----    ----
END OF MODULE INFORMATION.


C51 COMPILATION COMPLETE.  0 WARNING(S),  0 ERROR(S)
